2017/2/1 11:15:24 本文档仅供技术人员改进程序和查找bug所用，对于显示的异常等信息不必过于担心。
2017/2/1 11:15:24 登录状态改变：正在登录 183.60.56.95:8000

2017/2/1 11:15:25 连接183.60.56.95:8000成功

2017/2/1 11:15:25 登录状态改变：登录成功! 

2017/2/1 11:15:27 23 76
00 00 27 10 A0 A7 57 AD 00 02 CB F8 0A 89 17 91 1F 40 00 4C 00 00 00 0E 00 08 00 02 00 01 00 0A 00 04 01 00 00 00 06 00 01 83 01 81 0B 74 78 74 31 3D 51 51 BB E1 D4 B1 07 66 6C 61 67 31 3D 31 15 74 78 74 32 3D BB E1 D4 B1 CC D8 C8 A8 B9 A6 C4 DC CC E1 CA BE 2F 70 69 63 3D 68 74 74 70 3A 2F 2F 69 6D 67 63 61 63 68 65 2E 71 71 2E 63 6F 6D 2F 63 6C 75 62 2F 74 69 70 73 2F 66 63 6C 6F 6E 65 2E 67 69 66 8C 75 72 6C 3D 68 74 74 70 3A 2F 2F 63 6C 75 62 63 6C 69 65 6E 74 2E 71 71 2E 63 6F 6D 2F 63 6C 75 62 63 6C 69 65 6E 74 5F 67 6F 74 6F 2E 70 68 70 3F 20 20 20 20 20 20 20 63 6C 69 65 6E 74 75 69 6E 3D 24 55 49 4E 24 26 63 6C 69 65 6E 74 6B 65 79 3D 24 4B 45 59 24 26 67 6F 74 6F 75 72 6C 3D 68 74 74 70 3A 2F 2F 76 69 70 2E 71 71 2E 63 6F 6D 2F 66 72 65 65 64 6F 6D 2F 66 72 65 65 64 6F 6D 5F 63 6C 6F 6E 65 2E 68 74 6D 6C 0A 73 65 63 6F 6E 64 65 3D 31 30 6D 74 78 74 33 3D 31 37 31 31 37 37 32 30 31 38 5B 31 37 31 31 37 37 32 30 31 38 5D CD A8 B9 FD BB E1 D4 B1 BA C3 D3 D1 BF CB C2 A1 B9 A6 C4 DC C9 EA C7 EB BD AB 32 30 31 31 37 37 32 30 31 38 5B 32 30 31 31 37 37 32 30 31 38 5D BC D3 B5 BD C8 BA BA C3 C6 B7 CD C6 BD BB C1 F7 33 C8 BA 5B 35 39 39 38 39 36 34 32 32 5D D6 D0 A1 A3 06 62 67 69 64 3D 31 08 6C 6F 67 6F 69 64 3D 31 10 6D 65 73 73 61 67 65 69 64 3D 31 32 37 32 34 30
2017/2/1 11:15:27 23 76
00 00 27 10 A0 A7 57 AD 00 02 CB F9 0A 89 17 91 1F 40 00 4C 00 00 00 0E 00 08 00 02 00 01 00 0A 00 04 01 00 00 00 06 00 01 83 01 81 0B 74 78 74 31 3D 51 51 BB E1 D4 B1 07 66 6C 61 67 31 3D 31 15 74 78 74 32 3D BB E1 D4 B1 CC D8 C8 A8 B9 A6 C4 DC CC E1 CA BE 2F 70 69 63 3D 68 74 74 70 3A 2F 2F 69 6D 67 63 61 63 68 65 2E 71 71 2E 63 6F 6D 2F 63 6C 75 62 2F 74 69 70 73 2F 66 63 6C 6F 6E 65 2E 67 69 66 8C 75 72 6C 3D 68 74 74 70 3A 2F 2F 63 6C 75 62 63 6C 69 65 6E 74 2E 71 71 2E 63 6F 6D 2F 63 6C 75 62 63 6C 69 65 6E 74 5F 67 6F 74 6F 2E 70 68 70 3F 20 20 20 20 20 20 20 63 6C 69 65 6E 74 75 69 6E 3D 24 55 49 4E 24 26 63 6C 69 65 6E 74 6B 65 79 3D 24 4B 45 59 24 26 67 6F 74 6F 75 72 6C 3D 68 74 74 70 3A 2F 2F 76 69 70 2E 71 71 2E 63 6F 6D 2F 66 72 65 65 64 6F 6D 2F 66 72 65 65 64 6F 6D 5F 63 6C 6F 6E 65 2E 68 74 6D 6C 0A 73 65 63 6F 6E 64 65 3D 31 30 6D 74 78 74 33 3D 31 37 31 31 37 37 32 30 31 38 5B 31 37 31 31 37 37 32 30 31 38 5D CD A8 B9 FD BB E1 D4 B1 BA C3 D3 D1 BF CB C2 A1 B9 A6 C4 DC C9 EA C7 EB BD AB 32 30 31 31 37 37 32 30 31 38 5B 32 30 31 31 37 37 32 30 31 38 5D BC D3 B5 BD C8 BA BA C3 C6 B7 CD C6 BD BB C1 F7 33 C8 BA 5B 35 39 39 38 39 36 34 32 32 5D D6 D0 A1 A3 06 62 67 69 64 3D 31 08 6C 6F 67 6F 69 64 3D 31 10 6D 65 73 73 61 67 65 69 64 3D 31 32 37 32 34 30
2017/2/1 11:15:27 23 35
23 C1 B1 66 A0 A7 57 AD 00 02 CB FD 0A 89 17 91 1F 40 00 23 00 00 00 0E 00 08 00 02 00 01 00 0A 00 04 01 00 00 00 23 C1 B1 66 01 77 E9 34 72 1E 31 37 31 31 37 37 32 30 31 38 CD A8 B9 FD BA C3 D3 D1 BF CB C2 A1 B7 A2 B3 F6 C9 EA C7 EB 00 30 36 32 61 34 34 33 33 63 62 33 36 32 63 64 37 30 36 65 32 64 38 35 61 66 36 31 39 30 39 32 32 63 62 37 65 34 62 31 65 32 33 62 62 37 63 35 62 38 00 20 A5 75 AF AE 9B 0E 04 4F 51 02 91 AB DD 17 B2 35 5E 74 E8 8B 32 4F 0F 10 6C C7 A5 D4 16 F9 80 C2
2017/2/1 11:15:27 23 35
23 C1 B1 66 A0 A7 57 AD 00 02 CB FC 0A 89 17 91 1F 40 00 23 00 00 00 0E 00 08 00 02 00 01 00 0A 00 04 01 00 00 00 23 C1 B1 66 01 77 E9 34 72 1E 31 37 31 31 37 37 32 30 31 38 CD A8 B9 FD BA C3 D3 D1 BF CB C2 A1 B7 A2 B3 F6 C9 EA C7 EB 00 30 30 62 36 33 31 36 37 33 63 34 33 31 33 33 35 37 39 33 39 39 63 32 30 35 61 39 37 38 39 33 36 33 33 38 33 65 35 63 31 32 38 65 61 32 36 66 34 39 00 20 D4 60 63 C4 83 A3 17 FC 7E 15 86 7E AE 29 45 B7 F8 69 8A 7B F4 CA 20 C3 54 FC 85 26 C8 E3 9D 02
2017/2/1 11:18:28 23 76
00 00 27 10 A0 A7 57 AD 00 09 BD 26 0A 8B 12 5D 1F 40 00 4C 00 00 00 08 00 0A 00 04 01 00 00 00 06 00 02 20 02 1E 13 74 78 74 31 3D CC DA D1 B6 B4 F3 B3 FE CD F8 D0 C2 CE C5 07 66 6C 61 67 31 3D 31 17 74 78 74 32 3D BA FE B1 B1 D3 AD BC A6 C4 EA B5 DA D2 BB B3 A1 D1 A9 3F 70 69 63 3D 68 74 74 70 3A 2F 2F 69 6D 67 31 2E 67 74 69 6D 67 2E 63 6F 6D 2F 68 62 2F 70 69 63 73 2F 68 76 31 2F 31 31 38 2F 38 36 2F 32 31 38 33 2F 31 34 31 39 37 31 36 32 33 2E 6A 70 67 B8 75 72 6C 3D 68 74 74 70 3A 2F 2F 70 74 6C 6F 67 69 6E 32 2E 71 71 2E 63 6F 6D 2F 6A 75 6D 70 3F 75 31 3D 68 74 74 70 3A 2F 2F 73 6B 2E 71 71 2E 63 6F 6D 2F 6A 75 6D 70 73 74 61 74 3F 72 64 74 79 70 65 31 3D 38 32 30 39 30 30 30 31 26 72 64 74 79 70 65 32 3D 34 26 72 64 74 79 70 65 33 3D 33 30 35 35 34 30 37 26 72 64 75 72 6C 3D 68 74 74 70 3A 2F 2F 68 62 2E 71 71 2E 63 6F 6D 2F 3F 71 71 3D 30 26 63 6C 69 65 6E 74 75 69 6E 3D 24 55 49 4E 24 26 63 6C 69 65 6E 74 6B 65 79 3D 24 4B 45 59 24 26 6B 65 79 69 6E 64 65 78 3D 30 26 70 74 5F 73 72 63 3D 33 0D 73 65 63 6F 6E 64 65 3D 31 38 30 30 20 4F 74 78 74 33 3D BA FE B1 B1 B6 E0 B5 D8 D3 AD D0 C2 C4 EA CA D7 B3 A1 D1 A9 A3 AC CE E4 BA BA A1 A2 CF E5 D1 F4 B5 C8 37 B3 C7 C0 AD CF EC B5 C0 C2 B7 BD E1 B1 F9 D4 A4 BE AF A3 AC CE B4 C0 B4 33 CC EC D3 EA D1 A9 CC EC B3 D6 D0 F8 3E 3E 06 74 79 70 65 3D 33 0D 64 65 70 74 5F 6E 61 6D 65 3D 57 5A 42 0F 64 65 70 74 5F 70 72 6F 64 75 3D 6E 65 77 73 11 73 65 72 69 61 6C 5F 6E 6F 3D 33 30 35 35 34 30 37 40 70 69 63 33 3D 68 74 74 70 3A 2F 2F 69 6D 67 31 2E 67 74 69 6D 67 2E 63 6F 6D 2F 68 62 2F 70 69 63 73 2F 68 76 31 2F 31 31 39 2F 38 36 2F 32 31 38 33 2F 31 34 31 39 37 31 36 32 34 2E 6A 70 67 09 70 69 63 74 79 70 65 3D 31 10 6D 65 73 73 61 67 65 69 64 3D 31 33 35 30 33 32
2017/2/1 11:19:50 23 18
00 00 27 10 A0 A7 57 AD 00 07 72 52 0A 8B 0E 5F 1F 40 00 12 00 00 00 08 00 0A 00 04 01 00 00 00 02
2017/2/1 11:24:45 登录状态改变：未登录 

2017/2/1 11:24:55 本文档仅供技术人员改进程序和查找bug所用，对于显示的异常等信息不必过于担心。
2017/2/1 11:24:55 登录状态改变：正在登录 183.60.56.95:8000

2017/2/1 11:24:55 连接183.60.56.95:8000成功

2017/2/1 11:24:56 登录状态改变：登录成功! 

2017/2/1 11:27:19 23 18
00 00 27 10 A0 A7 57 AD 00 09 C1 8F 64 5E 0E C9 1F 40 00 12 00 00 00 08 00 0A 00 04 01 00 00 00 02
2017/2/1 11:29:19 23 18
00 00 27 10 A0 A7 57 AD 00 0B 96 3F 64 5E 0E C9 1F 40 00 12 00 00 00 08 00 0A 00 04 01 00 00 00 02
2017/2/1 11:32:18 登录状态改变：未登录 

2017/2/1 12:19:13 本文档仅供技术人员改进程序和查找bug所用，对于显示的异常等信息不必过于担心。
2017/2/1 12:19:13 登录状态改变：正在登录 183.60.56.95:8000

2017/2/1 12:19:13 连接183.60.56.95:8000成功

2017/2/1 12:19:14 登录状态改变：登录成功! 

2017/2/1 12:19:36 登录状态改变：未登录 

2017/2/1 12:19:39 本文档仅供技术人员改进程序和查找bug所用，对于显示的异常等信息不必过于担心。
2017/2/1 12:19:39 登录状态改变：正在登录 183.60.56.95:8000

2017/2/1 12:19:39 连接183.60.56.95:8000成功

2017/2/1 12:19:40 登录状态改变：登录成功! 

2017/2/1 12:21:38 23 18
00 00 27 10 A0 A7 57 AD 00 09 67 3B 0A F0 52 A4 1F 40 00 12 00 00 00 08 00 0A 00 04 01 00 00 00 02
2017/2/1 12:22:03 23 18
00 00 27 10 A0 A7 57 AD 00 07 12 01 0A 8B 0E 5F 1F 40 00 12 00 00 00 08 00 0A 00 04 01 00 00 00 02
2017/2/1 12:23:38 23 18
00 00 27 10 A0 A7 57 AD 00 0D 7A 5E 64 5E 19 1E 1F 40 00 12 00 00 00 08 00 0A 00 04 01 00 00 00 02
2017/2/1 12:24:03 23 18
00 00 27 10 A0 A7 57 AD 00 07 16 20 0A F1 78 E3 1F 40 00 12 00 00 00 08 00 0A 00 04 01 00 00 00 02
2017/2/1 12:36:54 23 76
F6 77 22 5F A0 A7 57 AD 00 01 FF 53 0A 85 00 52 1F 40 00 4C 00 00 00 08 00 0A 00 04 01 00 00 00 06 00 02 31 02 2F 09 74 78 74 31 3D BE A9 B6 AB 11 74 78 74 32 3D CB AD B8 F8 C4 E3 B5 C4 D0 C5 A3 BF 32 74 78 74 33 3D E0 CB A3 AC 0A CB AD B8 F8 C4 E3 D0 B4 B5 C4 D0 C5 C4 D8 A3 BF 0A BF EC B5 E3 BF AA B0 C9 A3 A1 0A C3 BB D7 BC D3 D0 BA EC B0 FC C4 D8 CF 75 72 6C 3D 68 74 74 70 3A 2F 2F 63 2E 67 64 74 2E 71 71 2E 63 6F 6D 2F 67 64 74 5F 63 6C 69 63 6B 2E 66 63 67 3F 76 69 65 77 69 64 3D 49 4C 4B 51 54 77 37 6B 35 6B 66 58 4D 53 6A 70 45 48 56 30 68 4E 33 5A 64 79 79 69 6F 48 43 7A 64 33 30 59 51 5A 45 53 65 35 6F 36 50 58 47 6B 51 79 4F 70 31 4A 6C 33 77 45 51 4B 65 7A 46 52 57 52 66 77 6C 69 65 43 34 78 6E 6A 39 43 70 4B 37 37 30 6F 79 78 72 4F 55 33 4E 34 4C 55 45 76 65 49 48 45 57 4E 75 6A 6D 6E 66 46 4E 21 65 71 50 32 45 61 6E 68 47 55 76 4E 34 79 38 65 59 54 62 32 51 52 55 74 4A 34 65 62 62 56 33 77 73 6F 69 74 6D 35 46 77 26 6A 74 79 70 65 3D 30 26 69 3D 31 06 74 79 70 65 3D 31 0A 73 65 63 6F 6E 64 65 3D 31 30 10 6D 65 73 73 61 67 65 69 64 3D 31 35 37 30 34 38 19 53 65 72 76 65 72 50 75 73 68 54 69 6D 65 3D 31 34 38 35 39 32 33 32 38 37 C8 70 69 63 33 3D 68 74 74 70 3A 2F 2F 76 2E 67 64 74 2E 71 71 2E 63 6F 6D 2F 67 64 74 5F 73 74 61 74 73 2E 66 63 67 3F 76 69 65 77 69 64 3D 49 4C 4B 51 54 77 37 6B 35 6B 66 58 4D 53 6A 70 45 48 56 30 68 4E 33 5A 64 79 79 69 6F 48 43 7A 64 33 30 59 51 5A 45 53 65 35 6F 36 50 58 47 6B 51 79 4F 70 31 4A 6C 33 77 45 51 4B 65 7A 46 52 57 52 66 77 6C 69 65 43 34 78 6E 6A 39 43 70 4B 37 37 30 6F 79 78 72 4F 55 33 4E 34 4C 55 45 76 65 49 48 45 57 4E 75 6A 6D 6E 66 46 4E 21 65 71 50 32 45 61 6E 68 47 55 76 4E 34 79 38 65 59 54 62 32 51 52 55 74 4A 34 65 62 62 56 33 77 73 6F 69 74 6D 35 46 77 26 69 3D 31 09 70 69 63 74 79 70 65 3D 31
2017/2/1 12:40:38 23 76
F6 77 22 5F A0 A7 57 AD 00 0E C5 B6 0A 89 18 58 1F 40 00 4C 00 00 00 08 00 0A 00 04 01 00 00 00 06 00 02 31 02 2F 09 74 78 74 31 3D BE A9 B6 AB 11 74 78 74 32 3D CB AD B8 F8 C4 E3 B5 C4 D0 C5 A3 BF 32 74 78 74 33 3D E0 CB A3 AC 0A CB AD B8 F8 C4 E3 D0 B4 B5 C4 D0 C5 C4 D8 A3 BF 0A BF EC B5 E3 BF AA B0 C9 A3 A1 0A C3 BB D7 BC D3 D0 BA EC B0 FC C4 D8 CF 75 72 6C 3D 68 74 74 70 3A 2F 2F 63 2E 67 64 74 2E 71 71 2E 63 6F 6D 2F 67 64 74 5F 63 6C 69 63 6B 2E 66 63 67 3F 76 69 65 77 69 64 3D 6B 69 4E 6F 49 33 46 5A 4E 49 33 49 69 49 58 45 36 63 6D 34 50 70 47 6A 78 4F 4A 6E 65 54 78 31 64 33 30 59 51 5A 45 53 65 35 6F 36 50 58 47 6B 51 79 4F 70 31 41 63 69 35 62 6E 5A 4B 47 4A 7A 57 52 66 77 6C 69 65 43 34 78 6E 6A 39 43 70 4B 37 37 30 6F 79 78 72 4F 55 33 4E 34 4C 55 45 76 21 30 53 6F 63 42 6E 21 6F 76 78 66 71 56 4A 37 73 7A 57 44 6B 45 69 4D 46 78 63 7A 72 73 49 78 33 5A 78 54 4B 70 35 57 21 5A 30 30 78 6F 61 61 41 49 57 39 6E 51 26 6A 74 79 70 65 3D 30 26 69 3D 31 06 74 79 70 65 3D 31 0A 73 65 63 6F 6E 64 65 3D 31 30 10 6D 65 73 73 61 67 65 69 64 3D 31 35 37 30 34 38 19 53 65 72 76 65 72 50 75 73 68 54 69 6D 65 3D 31 34 38 35 39 32 33 32 39 30 C8 70 69 63 33 3D 68 74 74 70 3A 2F 2F 76 2E 67 64 74 2E 71 71 2E 63 6F 6D 2F 67 64 74 5F 73 74 61 74 73 2E 66 63 67 3F 76 69 65 77 69 64 3D 6B 69 4E 6F 49 33 46 5A 4E 49 33 49 69 49 58 45 36 63 6D 34 50 70 47 6A 78 4F 4A 6E 65 54 78 31 64 33 30 59 51 5A 45 53 65 35 6F 36 50 58 47 6B 51 79 4F 70 31 41 63 69 35 62 6E 5A 4B 47 4A 7A 57 52 66 77 6C 69 65 43 34 78 6E 6A 39 43 70 4B 37 37 30 6F 79 78 72 4F 55 33 4E 34 4C 55 45 76 21 30 53 6F 63 42 6E 21 6F 76 78 66 71 56 4A 37 73 7A 57 44 6B 45 69 4D 46 78 63 7A 72 73 49 78 33 5A 78 54 4B 70 35 57 21 5A 30 30 78 6F 61 61 41 49 57 39 6E 51 26 69 3D 31 09 70 69 63 74 79 70 65 3D 31
2017/2/1 14:50:07 登录状态改变：未登录 

2017/2/1 14:50:59 本文档仅供技术人员改进程序和查找bug所用，对于显示的异常等信息不必过于担心。
2017/2/1 14:50:59 登录状态改变：正在登录 183.60.56.95:8000

2017/2/1 14:50:59 连接183.60.56.95:8000成功

2017/2/1 14:51:01 登录状态改变：登录成功! 

2017/2/1 14:53:25 23 18
00 00 27 10 A0 A7 57 AD 00 01 DA 7F 0A F1 51 AA 1F 40 00 12 00 00 00 08 00 0A 00 04 01 00 00 00 02
2017/2/1 14:55:25 23 18
00 00 27 10 A0 A7 57 AD 00 01 41 CB 64 5E 19 1E 1F 40 00 12 00 00 00 08 00 0A 00 04 01 00 00 00 02
2017/2/1 15:05:47 23 76
F6 77 22 5F A0 A7 57 AD 00 0B E7 47 64 5E 19 1E 1F 40 00 4C 00 00 00 08 00 0A 00 04 01 00 00 00 06 00 02 24 02 22 09 74 78 74 31 3D BE A9 B6 AB 0D 74 78 74 32 3D C4 FA B5 C4 C3 DC BA AF 29 74 78 74 33 3D C7 D7 B0 AE B5 C4 0A C4 FA D3 D0 D2 BB B8 F6 BF AA C4 EA D0 C2 B4 BA C3 DC BA AF 0A B5 E3 BB F7 B2 E9 CA D5 CF 75 72 6C 3D 68 74 74 70 3A 2F 2F 63 2E 67 64 74 2E 71 71 2E 63 6F 6D 2F 67 64 74 5F 63 6C 69 63 6B 2E 66 63 67 3F 76 69 65 77 69 64 3D 31 42 66 39 37 61 43 36 4D 4A 75 41 69 36 59 70 32 76 51 74 35 61 74 46 4D 64 50 6D 39 38 77 79 63 6B 69 71 21 30 6C 57 6A 31 4D 54 55 59 39 44 21 6A 41 75 51 58 42 67 46 4B 4F 49 70 50 43 77 33 72 43 31 6C 34 63 56 6E 55 39 7A 59 66 51 55 4B 70 5F 55 34 74 72 61 5A 70 71 68 5A 55 71 45 78 37 4E 76 64 44 4F 61 5A 50 4C 71 6D 4A 6E 61 6F 79 36 33 35 38 68 48 37 36 6A 50 70 36 35 47 6A 72 58 37 42 43 31 34 77 38 32 75 56 76 55 44 21 61 31 6C 74 67 26 6A 74 79 70 65 3D 30 26 69 3D 31 06 74 79 70 65 3D 31 0A 73 65 63 6F 6E 64 65 3D 31 30 10 6D 65 73 73 61 67 65 69 64 3D 31 35 37 30 34 38 19 53 65 72 76 65 72 50 75 73 68 54 69 6D 65 3D 31 34 38 35 39 33 32 32 32 31 C8 70 69 63 33 3D 68 74 74 70 3A 2F 2F 76 2E 67 64 74 2E 71 71 2E 63 6F 6D 2F 67 64 74 5F 73 74 61 74 73 2E 66 63 67 3F 76 69 65 77 69 64 3D 31 42 66 39 37 61 43 36 4D 4A 75 41 69 36 59 70 32 76 51 74 35 61 74 46 4D 64 50 6D 39 38 77 79 63 6B 69 71 21 30 6C 57 6A 31 4D 54 55 59 39 44 21 6A 41 75 51 58 42 67 46 4B 4F 49 70 50 43 77 33 72 43 31 6C 34 63 56 6E 55 39 7A 59 66 51 55 4B 70 5F 55 34 74 72 61 5A 70 71 68 5A 55 71 45 78 37 4E 76 64 44 4F 61 5A 50 4C 71 6D 4A 6E 61 6F 79 36 33 35 38 68 48 37 36 6A 50 70 36 35 47 6A 72 58 37 42 43 31 34 77 38 32 75 56 76 55 44 21 61 31 6C 74 67 26 69 3D 31 09 70 69 63 74 79 70 65 3D 31
2017/2/1 15:17:14 23 76
00 00 27 10 A0 A7 57 AD 00 0C 44 CF 0A F1 7D 21 1F 40 00 4C 00 00 00 08 00 0A 00 04 01 00 00 00 06 00 03 1D 03 1B 0D 74 78 74 31 3D CC DA D1 B6 CA D3 C6 B5 07 66 6C 61 67 31 3D 31 15 74 78 74 32 3D CD C1 BA C0 D0 E3 B3 B5 BC BC CD E6 CD D1 C1 CB 3D 70 69 63 3D 68 74 74 70 3A 2F 2F 69 6D 67 31 2E 67 74 69 6D 67 2E 63 6F 6D 2F 76 2F 70 69 63 73 2F 68 76 31 2F 37 39 2F 38 39 2F 32 31 38 33 2F 31 34 31 39 37 32 33 34 39 2E 6A 70 67 E7 75 72 6C 3D 68 74 74 70 3A 2F 2F 70 74 6C 6F 67 69 6E 32 2E 71 71 2E 63 6F 6D 2F 6A 75 6D 70 3F 75 31 3D 68 74 74 70 3A 2F 2F 73 6B 2E 71 71 2E 63 6F 6D 2F 6A 75 6D 70 73 74 61 74 3F 72 64 74 79 70 65 31 3D 38 32 30 39 30 30 30 31 26 72 64 74 79 70 65 32 3D 34 26 72 64 74 79 70 65 33 3D 33 30 35 35 34 32 37 26 72 64 75 72 6C 3D 68 74 74 70 3A 2F 2F 76 2E 71 71 2E 63 6F 6D 2F 78 2F 63 6F 76 65 72 2F 32 7A 64 79 72 31 62 37 6A 35 32 65 66 77 79 2F 68 30 33 37 31 73 31 30 36 39 38 2E 68 74 6D 6C 3F 70 74 61 67 3D 74 69 70 73 2E 78 77 26 63 6C 69 65 6E 74 75 69 6E 3D 24 55 49 4E 24 26 63 6C 69 65 6E 74 6B 65 79 3D 24 4B 45 59 24 26 6B 65 79 69 6E 64 65 78 3D 30 26 70 74 5F 73 72 63 3D 33 0D 73 65 63 6F 6E 64 65 3D 31 38 30 30 20 47 74 78 74 33 3D CD C1 BA C0 BF AA BA C0 B3 B5 BB D8 BC D2 B9 FD C4 EA A3 AC B1 BE C0 B4 CF EB D4 DA CF E7 C7 D7 C3 C7 C3 E6 C7 B0 C2 B6 D2 BB CA D6 A3 AC BD E1 B9 FB A1 AD CD F2 CD F2 C3 BB CF EB B5 BD B0 A1 A3 A1 06 74 79 70 65 3D 33 0D 64 65 70 74 5F 6E 61 6D 65 3D 57 5A 42 0F 64 65 70 74 5F 70 72 6F 64 75 3D 6E 65 77 73 11 73 65 72 69 61 6C 5F 6E 6F 3D 33 30 35 35 34 32 37 3E 70 69 63 33 3D 68 74 74 70 3A 2F 2F 69 6D 67 31 2E 67 74 69 6D 67 2E 63 6F 6D 2F 76 2F 70 69 63 73 2F 68 76 31 2F 37 38 2F 38 39 2F 32 31 38 33 2F 31 34 31 39 37 32 33 34 38 2E 6A 70 67 09 70 69 63 74 79 70 65 3D 31 0A 74 69 70 73 74 79 70 65 3D 31 CD 75 72 6C 33 3D 68 74 74 70 3A 2F 2F 73 6B 2E 71 71 2E 63 6F 6D 2F 6A 75 6D 70 73 74 61 74 3F 72 64 74 79 70 65 31 3D 38 32 38 39 30 30 30 31 26 72 64 74 79 70 65 32 3D 34 26 72 64 74 79 70 65 33 3D 33 30 35 35 34 32 37 26 72 64 75 72 6C 3D 68 74 74 70 3A 2F 2F 70 74 6C 6F 67 69 6E 32 2E 71 71 2E 63 6F 6D 2F 6A 75 6D 70 3F 75 31 3D 68 74 74 70 3A 2F 2F 76 2E 71 71 2E 63 6F 6D 2F 75 2F 70 6C 61 79 6C 69 73 74 2E 68 74 6D 6C 3F 69 64 3D 68 30 33 37 31 73 31 30 36 39 38 26 74 3D 33 31 26 63 6C 69 65 6E 74 75 69 6E 3D 24 55 49 4E 24 26 63 6C 69 65 6E 74 6B 65 79 3D 24 4B 45 59 24 26 6B 65 79 69 6E 64 65 78 3D 30 08 76 73 63 6F 72 65 3D 20 10 6D 65 73 73 61 67 65 69 64 3D 31 33 35 31 38 35
2017/2/1 16:08:56 本文档仅供技术人员改进程序和查找bug所用，对于显示的异常等信息不必过于担心。
2017/2/1 16:08:56 登录状态改变：正在登录 183.60.56.95:8000

2017/2/1 16:08:56 连接183.60.56.95:8000成功

2017/2/1 16:08:58 登录状态改变：登录成功! 

2017/2/1 16:11:24 23 18
00 00 27 10 A0 A7 57 AD 00 00 0D 39 0A 8B 12 5D 1F 40 00 12 00 00 00 08 00 0A 00 04 01 00 00 00 02
2017/2/1 16:13:24 23 18
00 00 27 10 A0 A7 57 AD 00 0D 22 7A 0A F1 78 86 1F 40 00 12 00 00 00 08 00 0A 00 04 01 00 00 00 02
2017/2/1 17:10:51 登录状态改变：未登录 

2017/2/1 17:45:07 本文档仅供技术人员改进程序和查找bug所用，对于显示的异常等信息不必过于担心。
2017/2/1 17:45:07 登录状态改变：正在登录 183.60.56.95:8000

2017/2/1 17:45:07 连接183.60.56.95:8000成功

2017/2/1 17:45:08 登录状态改变：登录成功! 

2017/2/1 17:47:35 23 18
00 00 27 10 A0 A7 57 AD 00 07 3C 54 0A F0 52 A4 1F 40 00 12 00 00 00 08 00 0A 00 04 01 00 00 00 02
2017/2/1 17:49:35 23 18
00 00 27 10 A0 A7 57 AD 00 05 0E 0B 0A 8B 0E 5F 1F 40 00 12 00 00 00 08 00 0A 00 04 01 00 00 00 02
2017/2/1 18:27:47 登录状态改变：未登录 

