2017/1/31 20:12:04 本文档仅供技术人员改进程序和查找bug所用，对于显示的异常等信息不必过于担心。
2017/1/31 20:12:04 登录状态改变：正在登录 111.161.88.18:8000

2017/1/31 20:12:04 连接111.161.88.18:8000成功

2017/1/31 20:12:05 登录状态改变：登录失败 授权过期

2017/1/31 20:12:55 登录状态改变：正在登录 183.60.56.95:8000

2017/1/31 20:12:55 连接183.60.56.95:8000成功

2017/1/31 20:12:55 登录状态改变：登录成功! 

2017/1/31 20:13:18 登录状态改变：未登录 

2017/1/31 20:13:27 本文档仅供技术人员改进程序和查找bug所用，对于显示的异常等信息不必过于担心。
2017/1/31 20:13:27 登录状态改变：正在登录 183.60.56.95:8000

2017/1/31 20:13:27 连接183.60.56.95:8000成功

2017/1/31 20:13:29 登录状态改变：登录成功! 

2017/1/31 20:15:21 23 18
00 00 27 10 A0 A7 57 AD 00 0A B5 9E 0A F1 78 86 1F 40 00 12 00 00 00 08 00 0A 00 04 01 00 00 00 02
2017/1/31 20:15:54 23 18
00 00 27 10 A0 A7 57 AD 00 07 31 B8 0A F0 51 A5 1F 40 00 12 00 00 00 08 00 0A 00 04 01 00 00 00 02
2017/1/31 20:17:21 23 18
00 00 27 10 A0 A7 57 AD 00 06 A4 18 64 5E 0E C9 1F 40 00 12 00 00 00 08 00 0A 00 04 01 00 00 00 02
2017/1/31 20:17:54 23 18
00 00 27 10 A0 A7 57 AD 00 0C E4 1E 0A 8B 12 6E 1F 40 00 12 00 00 00 08 00 0A 00 04 01 00 00 00 02
2017/1/31 20:26:39 登录状态改变：未登录 

2017/1/31 20:28:00 本文档仅供技术人员改进程序和查找bug所用，对于显示的异常等信息不必过于担心。
2017/1/31 20:28:00 登录状态改变：正在登录 183.60.56.95:8000

2017/1/31 20:28:00 连接183.60.56.95:8000成功

2017/1/31 20:28:01 登录状态改变：登录成功! 

2017/1/31 20:28:18 登录状态改变：未登录 

2017/1/31 20:28:21 本文档仅供技术人员改进程序和查找bug所用，对于显示的异常等信息不必过于担心。
2017/1/31 20:28:21 登录状态改变：正在登录 183.60.56.95:8000

2017/1/31 20:28:21 连接183.60.56.95:8000成功

2017/1/31 20:28:22 登录状态改变：登录成功! 

2017/1/31 20:28:30 登录状态改变：未登录 

2017/1/31 20:28:33 本文档仅供技术人员改进程序和查找bug所用，对于显示的异常等信息不必过于担心。
2017/1/31 20:28:33 登录状态改变：正在登录 183.60.56.95:8000

2017/1/31 20:28:33 连接183.60.56.95:8000成功

2017/1/31 20:28:34 登录状态改变：登录成功! 

2017/1/31 20:28:44 登录状态改变：未登录 

2017/1/31 20:28:46 本文档仅供技术人员改进程序和查找bug所用，对于显示的异常等信息不必过于担心。
2017/1/31 20:28:46 登录状态改变：正在登录 183.60.56.95:8000

2017/1/31 20:28:46 连接183.60.56.95:8000成功

2017/1/31 20:28:47 登录状态改变：登录成功! 

2017/1/31 20:29:17 登录状态改变：未登录 

2017/1/31 20:29:19 本文档仅供技术人员改进程序和查找bug所用，对于显示的异常等信息不必过于担心。
2017/1/31 20:29:19 登录状态改变：正在登录 183.60.56.95:8000

2017/1/31 20:29:19 连接183.60.56.95:8000成功

2017/1/31 20:29:20 登录状态改变：登录成功! 

2017/1/31 20:29:29 登录状态改变：未登录 

2017/1/31 20:36:16 本文档仅供技术人员改进程序和查找bug所用，对于显示的异常等信息不必过于担心。
2017/1/31 20:36:16 登录状态改变：正在登录 183.60.56.95:8000

2017/1/31 20:36:16 连接183.60.56.95:8000成功

2017/1/31 20:36:16 登录状态改变：登录成功! 

2017/1/31 20:36:17 23 196
A0 A7 57 AD A0 A7 57 AD 00 03 51 42 0A 89 18 96 1F 40 00 C4 00 00 00 08 00 0A 00 04 01 00 00 00 01 01 A0 A7 57 AD 03 E9 20 02 B8 71 20 02 B8 71 00 01 01 02 58 90 81 61 3B AD 8B 5D 00 14 04 C7 03 E9 00 00 01 00 00 00 00 00 00 00 00 00 00 00 00 00 00 00
2017/1/31 20:38:42 23 18
00 00 27 10 A0 A7 57 AD 00 06 49 3F 0A F1 7A 5A 1F 40 00 12 00 00 00 08 00 0A 00 04 01 00 00 00 02
2017/1/31 20:40:42 23 18
00 00 27 10 A0 A7 57 AD 00 04 74 5F 0A F1 78 86 1F 40 00 12 00 00 00 08 00 0A 00 04 01 00 00 00 02
2017/1/31 20:43:17 23 172
00 00 27 10 A0 A7 57 AD 00 00 B4 87 0A F0 51 A5 1F 40 00 AC 00 00 00 08 00 0A 00 04 01 00 00 00 9F 97 9D 2B 06 3C 00 50 10 00 00 80 00 00 04 00 00 00 00 65 00 00 04 00 01 00 00 00 00 00 00 70 20 00 00 00 00 C0 00 00 00 00 80 10 40 00 00 00 40 00 00 01 00 00 00 00 00 20 00 00 00 00 00 00 00 00
2017/1/31 20:43:34 23 172
00 00 27 10 A0 A7 57 AD 00 05 21 DE 64 5E 19 1E 1F 40 00 AC 00 00 00 08 00 0A 00 04 01 00 00 00 9F 97 9D 2B 06 3C 00 50 10 00 00 80 00 00 04 00 00 00 00 65 00 00 04 00 01 00 00 00 00 00 00 70 20 00 00 00 00 C0 00 00 00 00 80 10 40 00 00 00 40 00 00 01 02 00 00 00 00 20 00 00 00 00 00 00 00 00
2017/1/31 20:59:46 登录状态改变：未登录 

2017/1/31 21:01:06 本文档仅供技术人员改进程序和查找bug所用，对于显示的异常等信息不必过于担心。
2017/1/31 21:01:06 登录状态改变：正在登录 183.60.56.95:8000

2017/1/31 21:01:06 连接183.60.56.95:8000成功

2017/1/31 21:01:07 登录状态改变：登录成功! 

2017/1/31 21:01:35 登录状态改变：未登录 

2017/1/31 21:01:51 本文档仅供技术人员改进程序和查找bug所用，对于显示的异常等信息不必过于担心。
2017/1/31 21:01:51 登录状态改变：正在登录 183.60.56.95:8000

2017/1/31 21:01:51 连接183.60.56.95:8000成功

2017/1/31 21:01:52 登录状态改变：登录成功! 

2017/1/31 21:03:33 23 18
00 00 27 10 A0 A7 57 AD 00 0C DD 5F 0A 8B 12 66 1F 40 00 12 00 00 00 08 00 0A 00 04 01 00 00 00 02
2017/1/31 21:04:18 23 18
00 00 27 10 A0 A7 57 AD 00 0D 67 9D 0A 8B 12 6E 1F 40 00 12 00 00 00 08 00 0A 00 04 01 00 00 00 02
2017/1/31 21:05:34 23 18
00 00 27 10 A0 A7 57 AD 00 0A A5 28 0A F0 52 A4 1F 40 00 12 00 00 00 08 00 0A 00 04 01 00 00 00 02
2017/1/31 21:06:17 23 18
00 00 27 10 A0 A7 57 AD 00 00 A8 C4 0A 89 17 91 1F 40 00 12 00 00 00 08 00 0A 00 04 01 00 00 00 02
2017/1/31 21:20:03 本文档仅供技术人员改进程序和查找bug所用，对于显示的异常等信息不必过于担心。
2017/1/31 21:20:03 登录状态改变：正在登录 183.60.56.95:8000

2017/1/31 21:20:03 连接183.60.56.95:8000成功

2017/1/31 21:20:04 登录状态改变：登录成功! 

2017/1/31 21:21:05 本文档仅供技术人员改进程序和查找bug所用，对于显示的异常等信息不必过于担心。
2017/1/31 21:21:05 登录状态改变：正在登录 183.60.56.95:8000

2017/1/31 21:21:05 连接183.60.56.95:8000成功

2017/1/31 21:21:06 登录状态改变：登录成功! 

2017/1/31 21:22:07 本文档仅供技术人员改进程序和查找bug所用，对于显示的异常等信息不必过于担心。
2017/1/31 21:22:07 登录状态改变：正在登录 183.60.56.95:8000

2017/1/31 21:22:08 连接183.60.56.95:8000成功

2017/1/31 21:22:08 登录状态改变：登录成功! 

2017/1/31 21:22:32 23 18
00 00 27 10 A0 A7 57 AD 00 09 13 11 64 5E 19 1E 1F 40 00 12 00 00 00 08 00 0A 00 04 01 00 00 00 02
2017/1/31 21:23:10 本文档仅供技术人员改进程序和查找bug所用，对于显示的异常等信息不必过于担心。
2017/1/31 21:23:10 登录状态改变：正在登录 183.60.56.95:8000

2017/1/31 21:23:10 连接183.60.56.95:8000成功

2017/1/31 21:23:10 登录状态改变：登录成功! 

2017/1/31 21:23:33 23 18
00 00 27 10 A0 A7 57 AD 00 0D CC 37 64 5E 0E C9 1F 40 00 12 00 00 00 08 00 0A 00 04 01 00 00 00 02
2017/1/31 21:24:12 本文档仅供技术人员改进程序和查找bug所用，对于显示的异常等信息不必过于担心。
2017/1/31 21:24:12 登录状态改变：正在登录 183.60.56.95:8000

2017/1/31 21:24:12 连接183.60.56.95:8000成功

2017/1/31 21:24:12 登录状态改变：登录成功! 

2017/1/31 21:24:32 23 18
00 00 27 10 A0 A7 57 AD 00 06 24 7B 0A F1 78 86 1F 40 00 12 00 00 00 08 00 0A 00 04 01 00 00 00 02
2017/1/31 21:24:35 23 18
00 00 27 10 A0 A7 57 AD 00 04 52 13 0A 85 00 09 1F 40 00 12 00 00 00 08 00 0A 00 04 01 00 00 00 02
2017/1/31 21:25:14 本文档仅供技术人员改进程序和查找bug所用，对于显示的异常等信息不必过于担心。
2017/1/31 21:25:14 登录状态改变：正在登录 183.60.56.95:8000

2017/1/31 21:25:14 连接183.60.56.95:8000成功

2017/1/31 21:25:15 登录状态改变：登录成功! 

2017/1/31 21:25:33 23 18
00 00 27 10 A0 A7 57 AD 00 0A 82 63 0A 8B 0C 6E 1F 40 00 12 00 00 00 08 00 0A 00 04 01 00 00 00 02
2017/1/31 21:25:37 23 18
00 00 27 10 A0 A7 57 AD 00 01 2B AC 64 5E 0E C9 1F 40 00 12 00 00 00 08 00 0A 00 04 01 00 00 00 02
2017/1/31 21:26:16 本文档仅供技术人员改进程序和查找bug所用，对于显示的异常等信息不必过于担心。
2017/1/31 21:26:16 登录状态改变：正在登录 183.60.56.95:8000

2017/1/31 21:26:16 连接183.60.56.95:8000成功

2017/1/31 21:26:17 登录状态改变：登录成功! 

2017/1/31 21:26:55 登录状态改变：未登录 

2017/1/31 21:27:18 本文档仅供技术人员改进程序和查找bug所用，对于显示的异常等信息不必过于担心。
2017/1/31 21:27:18 登录状态改变：正在登录 183.60.56.95:8000

2017/1/31 21:27:18 连接183.60.56.95:8000成功

2017/1/31 21:27:19 登录状态改变：登录成功! 

2017/1/31 21:28:44 23 18
00 00 27 10 A0 A7 57 AD 00 06 92 1A 0A F1 78 E3 1F 40 00 12 00 00 00 08 00 0A 00 04 01 00 00 00 02
2017/1/31 21:29:26 登录状态改变：未登录 

2017/1/31 21:29:35 本文档仅供技术人员改进程序和查找bug所用，对于显示的异常等信息不必过于担心。
2017/1/31 21:29:35 登录状态改变：正在登录 183.60.56.95:8000

2017/1/31 21:29:35 连接183.60.56.95:8000成功

2017/1/31 21:29:35 登录状态改变：登录成功! 

2017/1/31 21:29:47 23 18
00 00 27 10 A0 A7 57 AD 00 06 84 68 64 5E 0E C9 1F 40 00 12 00 00 00 08 00 0A 00 04 01 00 00 00 02
2017/1/31 21:30:45 23 18
00 00 27 10 A0 A7 57 AD 00 06 AF 52 0A 85 00 09 1F 40 00 12 00 00 00 08 00 0A 00 04 01 00 00 00 02
2017/1/31 21:31:01
群消息解析异常
无法在流的结尾之外进行读取。
   在 System.IO.BinaryReader.ReadByte()
   在 eeXTFWHPSuNhSH3docw.PIO4cHHI7gDbi1xlUWb.NtZrLvNLFm()
   在 Coco.Framework.Entities.ClusterIM.KpAyp6K8kO(PIO4cHHI7gDbi1xlUWb  )
2017/1/31 21:31:27
群消息解析异常
无法在流的结尾之外进行读取。
   在 System.IO.BinaryReader.ReadByte()
   在 eeXTFWHPSuNhSH3docw.PIO4cHHI7gDbi1xlUWb.NtZrLvNLFm()
   在 Coco.Framework.Entities.ClusterIM.KpAyp6K8kO(PIO4cHHI7gDbi1xlUWb  )
2017/1/31 21:31:47 23 18
00 00 27 10 A0 A7 57 AD 00 06 18 F7 64 5E 19 1E 1F 40 00 12 00 00 00 08 00 0A 00 04 01 00 00 00 02
2017/1/31 21:32:04 23 18
00 00 27 10 A0 A7 57 AD 00 01 D9 63 0A 89 18 58 1F 40 00 12 00 00 00 08 00 0A 00 04 01 00 00 00 02
2017/1/31 21:59:05 登录状态改变：未登录 

2017/1/31 22:00:28 本文档仅供技术人员改进程序和查找bug所用，对于显示的异常等信息不必过于担心。
2017/1/31 22:00:28 登录状态改变：正在登录 183.60.56.95:8000

2017/1/31 22:00:28 连接183.60.56.95:8000成功

2017/1/31 22:00:29 登录状态改变：登录成功! 

2017/1/31 22:01:10 发送超时：
02 36 4F 00 67 63 22 A0 A7 57 AD 02 00 00 00 01 
01 01 00 00 67 D6 F1 3B 31 D8 16 7C F3 63 56 46 
59 5D E0 AA C3 68 87 EF D9 1C 87 64 C3 70 32 67 
B8 A2 53 EF 62 AC 4E F2 9A F8 77 71 A7 8A 65 EC 
7B 8F 5A D4 82 4A 53 EA 05 E6 7A 11 1F 3A C8 17 
76 6C A6 63 7D 7C 80 4E 9B AD FB 80 6A 96 A2 09 
1B 5A CF F7 F8 00 C5 55 A1 AA 4A F6 36 20 4C 2A 
13 C5 30 F6 71 61 03

2017/1/31 22:02:59 23 18
00 00 27 10 A0 A7 57 AD 00 03 A8 A2 0A 8B 0E 5F 1F 40 00 12 00 00 00 08 00 0A 00 04 01 00 00 00 02
2017/1/31 22:05:00 23 18
00 00 27 10 A0 A7 57 AD 00 05 63 FA 0A F1 7D 21 1F 40 00 12 00 00 00 08 00 0A 00 04 01 00 00 00 02
2017/1/31 23:09:58
群消息解析异常
无法在流的结尾之外进行读取。
   在 System.IO.BinaryReader.ReadByte()
   在 eeXTFWHPSuNhSH3docw.PIO4cHHI7gDbi1xlUWb.NtZrLvNLFm()
   在 Coco.Framework.Entities.ClusterIM.KpAyp6K8kO(PIO4cHHI7gDbi1xlUWb  )
2017/1/31 23:39:48 登录状态改变：未登录 

